<?xml version="1.0" encoding="UTF-8"?>
<testsuites name="jest tests" tests="1" failures="1" errors="0" time="6.379">
  <testsuite name="undefined" errors="0" failures="1" skipped="0" timestamp="2024-01-04T18:27:04" time="3.119" tests="1">
    <testcase classname=" renders learn react link" name=" renders learn react link" time="0.296">
      <failure>Error: useRoutes() may be used only in the context of a &lt;Router&gt; component.
    at Object.invariant [as UNSAFE_invariant] (/projects/spa-app/node_modules/@remix-run/router/history.ts:494:11)
    at useRoutesImpl (/projects/spa-app/node_modules/react-router/lib/hooks.tsx:353:3)
    at useRoutes (/projects/spa-app/node_modules/react-router/lib/hooks.tsx:343:10)
    at App (/projects/spa-app/src/include/components/App.tsx:64:26)
    at renderWithHooks (/projects/spa-app/node_modules/react-dom/cjs/react-dom.development.js:16305:18)
    at mountIndeterminateComponent (/projects/spa-app/node_modules/react-dom/cjs/react-dom.development.js:20074:13)
    at beginWork (/projects/spa-app/node_modules/react-dom/cjs/react-dom.development.js:21587:16)
    at beginWork$1 (/projects/spa-app/node_modules/react-dom/cjs/react-dom.development.js:27426:14)
    at performUnitOfWork (/projects/spa-app/node_modules/react-dom/cjs/react-dom.development.js:26560:12)
    at workLoopSync (/projects/spa-app/node_modules/react-dom/cjs/react-dom.development.js:26466:5)
    at renderRootSync (/projects/spa-app/node_modules/react-dom/cjs/react-dom.development.js:26434:7)
    at recoverFromConcurrentError (/projects/spa-app/node_modules/react-dom/cjs/react-dom.development.js:25850:20)
    at performConcurrentWorkOnRoot (/projects/spa-app/node_modules/react-dom/cjs/react-dom.development.js:25750:22)
    at flushActQueue (/projects/spa-app/node_modules/react/cjs/react.development.js:2667:24)
    at act (/projects/spa-app/node_modules/react/cjs/react.development.js:2582:11)
    at /projects/spa-app/node_modules/@testing-library/react/dist/act-compat.js:63:25
    at renderRoot (/projects/spa-app/node_modules/@testing-library/react/dist/pure.js:159:26)
    at render (/projects/spa-app/node_modules/@testing-library/react/dist/pure.js:246:10)
    at Object.&lt;anonymous&gt; (/projects/spa-app/src/include/components/App.test.tsx:6:9)
    at Promise.then.completed (/projects/spa-app/node_modules/jest-circus/build/utils.js:391:28)
    at new Promise (&lt;anonymous&gt;)
    at callAsyncCircusFn (/projects/spa-app/node_modules/jest-circus/build/utils.js:316:10)
    at _callCircusTest (/projects/spa-app/node_modules/jest-circus/build/run.js:218:40)
    at _runTest (/projects/spa-app/node_modules/jest-circus/build/run.js:155:3)
    at _runTestsForDescribeBlock (/projects/spa-app/node_modules/jest-circus/build/run.js:66:9)
    at run (/projects/spa-app/node_modules/jest-circus/build/run.js:25:3)
    at runAndTransformResultsToJestFormat (/projects/spa-app/node_modules/jest-circus/build/legacy-code-todo-rewrite/jestAdapterInit.js:170:21)
    at jestAdapter (/projects/spa-app/node_modules/jest-circus/build/legacy-code-todo-rewrite/jestAdapter.js:82:19)
    at runTestInternal (/projects/spa-app/node_modules/jest-runner/build/runTest.js:389:16)
    at runTest (/projects/spa-app/node_modules/jest-runner/build/runTest.js:475:34)
    at TestRunner.runTests (/projects/spa-app/node_modules/jest-runner/build/index.js:101:12)
    at TestScheduler.scheduleTests (/projects/spa-app/node_modules/@jest/core/build/TestScheduler.js:333:13)
    at runJest (/projects/spa-app/node_modules/@jest/core/build/runJest.js:404:19)
    at _run10000 (/projects/spa-app/node_modules/@jest/core/build/cli/index.js:320:7)
    at runCLI (/projects/spa-app/node_modules/@jest/core/build/cli/index.js:173:3)
    at Object.run (/projects/spa-app/node_modules/jest-cli/build/cli/index.js:155:37)</failure>
    </testcase>
  </testsuite>
</testsuites>